#
# A fatal error has been detected by the Java Runtime Environment:
#
#  EXCEPTION_ACCESS_VIOLATION (0xc0000005) at pc=0x0000000059564ef7, pid=11844, tid=0x0000000000011a78
#
# JRE version: Java(TM) SE Runtime Environment (8.0_211-b12) (build 1.8.0_211-b12)
# Java VM: Java HotSpot(TM) 64-Bit Server VM (25.211-b12 mixed mode windows-amd64 compressed oops)
# Problematic frame:
# V  [jvm.dll+0x214ef7]
#
# Failed to write core dump. Minidumps are not enabled by default on client versions of Windows
#
# If you would like to submit a bug report, please visit:
#   http://bugreport.java.com/bugreport/crash.jsp
#

---------------  T H R E A D  ---------------

Current thread (0x00000002c6b19000):  JavaThread "boundedElastic-evictor-15118" daemon [_thread_in_vm, id=72312, stack(0x000000041eed0000,0x000000041efd0000)]

siginfo: ExceptionCode=0xc0000005, writing address 0x000000041efca2f0

Registers:
RAX=0x000000041efca2f0, RBX=0x0000000000000006, RCX=0x0000000000005000, RDX=0x0000000000000006
RSP=0x000000041efcf2f0, RBP=0x0000000000000000, RSI=0x000000041efcf2f0, RDI=0x0000000000000006
R8 =0x0000000000000006, R9 =0x00000003a55ab410, R10=0x000000001bd9ecd8, R11=0x000000041eeda148
R12=0x00000003a55ab410, R13=0x00000002c6b19000, R14=0x000000041efcf3b8, R15=0x000000001bd9ecd8
RIP=0x0000000059564ef7, EFLAGS=0x0000000000010206

Top of Stack: (sp=0x000000041efcf2f0)
0x000000041efcf2f0:   0000000000000000 00000007c0006bd0
0x000000041efcf300:   00000002c6b19000 00000003a55ab410
0x000000041efcf310:   00000000ffffffff 0000000059565e27
0x000000041efcf320:   000000041efcf420 000000001bd9ecd8
0x000000041efcf330:   00000002c6b19000 00000000594110d3
0x000000041efcf340:   000000041efcf380 00000002c6b19000
0x000000041efcf350:   000000041efcf410 00000002c6b19000
0x000000041efcf360:   000000001bd9ecd8 00000002c6b19000
0x000000041efcf370:   0000000002de6e60 00000002c6b19000
0x000000041efcf380:   000000001bd9ecd8 00000002c6b19000
0x000000041efcf390:   000000001bd9ecd8 00000002c6b19000
0x000000041efcf3a0:   0000000000000001 000000001bd9ecd8
0x000000041efcf3b0:   00000002c6b19000 00000003a5577020
0x000000041efcf3c0:   00000002c6b19000 000000005941283d
0x000000041efcf3d0:   000000041efcf6d8 00000007c0006bd0
0x000000041efcf3e0:   00000007c0006bd0 0000000059510e03 

Instructions: (pc=0x0000000059564ef7)
0x0000000059564ed7:   48 89 6c 24 30