#
# A fatal error has been detected by the Java Runtime Environment:
#
#  EXCEPTION_ACCESS_VIOLATION (0xc0000005) at pc=0x000000007499c1fa, pid=13204, tid=0x000000000000214c
#
# JRE version: Java(TM) SE Runtime Environment (8.0_211-b12) (build 1.8.0_211-b12)
# Java VM: Java HotSpot(TM) 64-Bit Server VM (25.211-b12 mixed mode windows-amd64 compressed oops)
# Problematic frame:
# V  [jvm.dll+0x13c1fa]
#
# Failed to write core dump. Minidumps are not enabled by default on client versions of Windows
#
# If you would like to submit a bug report, please visit:
#   http://bugreport.java.com/bugreport/crash.jsp
#

---------------  T H R E A D  ---------------

Current thread (0x000000001e966000):  JavaThread "JDWP Transport Listener: dt_socket" daemon [_thread_in_vm, id=8524, stack(0x0000000020430000,0x0000000020530000)]

siginfo: ExceptionCode=0xc0000005, reading address 0xffffffffffffffff

Registers:
RAX=0x000000001c8a3348, RBX=0x000000002052f120, RCX=0x6401010101010101, RDX=0x00000000000000b2
RSP=0x000000002052ed70, RBP=0x000000001c8a33b4, RSI=0x0000000000000007, RDI=0x0000000000000029
R8 =0x0000000000000001, R9 =0x0000000000000003, R10=0x0000000000000001, R11=0x0000000000000001
R12=0x000000001c8a3410, R13=0x000000001e959850, R14=0x000000001e959c28, R15=0x00000000000003d8
RIP=0x000000007499c1fa, EFLAGS=0x0000000000010202

Top of Stack: (sp=0x000000002052ed70)
0x000000002052ed70:   00000000034c56d0 0000000000000000
0x000000002052ed80:   000000000321f590 000000000321f550
0x000000002052ed90:   0000000000000029 0000000074a1f598
0x000000002052eda0:   000000002052f120 0000000074aa79a0
0x000000002052edb0:   000000000000000f 0000000000000000
0x000000002052edc0:   0000000000000000 0000000000000000
0x000000002052edd0:   000000000321f550 00000000034f88c0
0x000000002052ede0:   00000000034c56d0 0000000000000000
0x000000002052edf0:   000000000321f590 000000000321f550
0x000000002052ee00:   0000000000000000 0000000074a1f760
0x000000002052ee10:   000000001ce8ba00 000000001e966000
0x000000002052ee20:   000000002231f340 000000002052f120
0x000000002052ee30:   000000002052f120 0000000074aac2d0
0x000000002052ee40:   0000000000000001 612f6d6f634c2100
0x000000002052ee50:   662f61626162696c 2f6e6f736a747361
0x000000002052ee60:   656a624f4e4f534a 00000000003b7463 

Instructions: (pc=0x000000007499c1fa)
0x000000007499c1da:   ff ca 88 41 ff 75 ef 43 c6 04 10 00 49 8b c2 c3
0x000000007499c1ea:   cc cc cc cc cc cc 48 89 5c 24 08 57 48 83 ec 20
0x000000007499c1fa:   0f b7 39 48 8b d9 33 d2 ff c7 48 63 cf e8 54 1a
0x000000007499c20a:   fb ff 4c 8b d8 85 ff 7e 45 44 0f b7 03 8d 57 ff 


Register to memory mapping:

RAX=0x000000001c8a3348 is pointing into metadata
RBX=0x000000002052f120 is pointing into the stack for thread: 0x000000001e966000
RCX=0x6401010101010101 is an unknown value
RDX=0x00000000000000b2 is an unknown value
RSP=0x000000002052ed70 is pointing into the stack for thread: 0x000000001e966000
RBP=0x000000001c8a33b4 is pointing into metadata
RSI=0x0000000000000007 is an unknown value
RDI=0x0000000000000029 is an unknown value
R8 =0x0000000000000001 is an unknown value
R9 =0x0000000000000003 is an unknown value
R10=0x0000000000000001 is an unknown value
R11=0x0000000000000001 is an unknown value
R12={method} {0x000000001c8a3418} 'main' '([Ljava/lang/String;)V' in 'com/github/wxiaoqi/security/modules/admin/util/testHttpsReq'
R13=0x000000001e959850 is an unknown value
R14=0x000000001e959c28 is an unknown value
R15=0x00000000000003d8 is an unknown value


Stack: [0x0000000020430000,0x0000000020530000],  sp=0x000000002052ed70,  free space=1019k
Native frames: (J=compiled Java code, j=interpreted, Vv=VM code, C=native code)
V  [jvm.dll+0x13c1fa]
V  [jvm.dll+0x1bf598]
V  [jvm.dll+0x1bf760]
V  [jvm.dll+0x24c2d0]
V  [jvm.dll+0x1a822c]
V  [jvm.dll+0x343005]
C  [jdwp.dll+0x6e10]
C  [jdwp.dll+0x7804]
C  [jdwp.dll+0xf15d]
C  [jdwp.dll+0x1f5c9]
C  [jdwp.dll+0x1f79e]
V  [jvm.dll+0x1be6da]
V  [jvm.dll+0x2466ff]
V  [jvm.dll+0x29fc6a]
C  [msvcr100.dll+0x21d9f]
C  [msvcr100.dll+0x21e3b]
C  [KERNEL32.DLL+0x154e0]
C  [ntdll.dll+0x485b]


---------------  P R O C E S S  ---------------

Java Threads: ( => current thread )
  0x0000000020e02000 JavaThread "Service Thread" daemon [_thread_blocked, id=6920, stack(0x0000000021b30000,0x0000000021c30000)]
  0x0000000020d9f800 JavaThread "C1 CompilerThread11" daemon [_thread_blocked, id=14864, stack(0x0000000021a30000,0x0000000021b30000)]
  0x0000000020d73800 JavaThread "C1 CompilerThread10" daemon [_thread_blocked, id=16836, stack(0x0000000021930000,0x0000000021a30000)]
  0x0000000020d57000 JavaThread "C1 CompilerThread9" daemon [_thread_blocked, id=1892, stack(0x0000000021830000,0x0000000021930000)]
  0x0000000020d2c000 JavaThread "C1 CompilerThread8" daemon [_thread_blocked, id=21428, stack(0x0000000021730000,0x0000000021830000)]
  0x0000000020d23800 JavaThread "C2 CompilerThread7" daemon [_thread_blocked, id=6024, stack(0x0000000021630000,0x0000000021730000)]
  0x0000000020d22800 JavaThread "C2 CompilerThread6" daemon [_thread_blocked, id=12476, stack(0x0000000021530000,0x0000000021630000)]
  0x0000000020d20000 JavaThread "C2 CompilerThread5" daemon [_thread_blocked, id=8156, stack(0x0000000021430000,0x0000000021530000)]
  0x0000000020d1f000 JavaThread "C2 CompilerThread4" daemon [_thread_blocked, id=2152, stack(0x0000000021330000,0x0000000021430000)]
  0x0000000020d18800 JavaThread "C2 CompilerThread3" daemon [_thread_blocked, id=15272, stack(0x0000000021230000,0x0000000021330000)]
  0x0000000020d17800 JavaThread "C2 CompilerThread2" daemon [_thread_blocked, id=20088, stack(0x0000000021130000,0x0000000021230000)]
  0x0000000020d10800 JavaThread "C2 CompilerThread1" daemon [_thread_blocked, id=9048, stack(0x0000000021030000,0x0000000021130000)]
  0x0000000020d10000 JavaThread "C2 CompilerThread0" daemon [_thread_blocked, id=11800, stack(0x0000000020f30000,0x0000000021030000)]
  0x000000001e979000 JavaThread "JDWP Command Reader" daemon [_thread_in_native, id=17112, stack(0x0000000020630000,0x0000000020730000)]
  0x000000001e974800 JavaThread "JDWP Event Helper Thread" daemon [_thread_blocked, id=820, stack(0x0000000020530000,0x0000000020630000)]
=>0x000000001e966000 JavaThread "JDWP Transport Listener: dt_socket" daemon [_thread_in_vm, id=8524, stack(0x0000000020430000,0x0000000020530000)]
  0x000000001e95a800 JavaThread "Attach Listener" daemon [_thread_blocked, id=8532, stack(0x0000000020330000,0x0000000020430000)]
  0x000000001e903800 JavaThread "Signal Dispatcher" daemon [_thread_blocked, id=9980, stack(0x0000000020230000,0x0000000020330000)]
  0x000000001ce8a800 JavaThread "Finalizer" daemon [_thread_blocked, id=19932, stack(0x0000000020130000,0x0000000020230000)]
  0x000000001e8d6000 JavaThread "Reference Handler" daemon [_thread_blocked, id=904, stack(0x0000000020030000,0x0000000020130000)]
  0x000000000322e000 JavaThread "main" [_thread_blocked, id=9500, stack(0x0000000003120000,0x0000000003220000)]

Other Threads:
  0x000000001ce80000 VMThread [stack: 0x000000001ff30000,0x0000000020030000] [id=2796]
  0x0000000020e7e000 WatcherThread [stack: 0x0000000021c30000,0x0000000021d30000] [id=12272]

VM state:not at safepoint (normal execution)

VM Mutex/Monitor currently owned by a thread: None

heap address: 0x00000006cae00000, size: 3922 MB, Compressed Oops mode: Zero based, Oop shift amount: 3
Narrow klass base: 0x0000000000000000, Narrow klass shift: 3
Compressed class space size: 1073741824 Address: 0x00000007c0000000

Heap:
 PSYoungGen      total 73728K, used 41279K [0x000000076e500000, 0x0000000773700000, 0x00000007c0000000)
  eden space 63488K, 54% used [0x000000076e500000,0x00000007706dc668,0x0000000772300000)
  from space 10240K, 64% used [0x0000000772300000,0x0000000772973960,0x0000000772d00000)
  to   space 10240K, 0% used [0x0000000772d00000,0x0000000772d00000,0x0000000773700000)
 ParOldGen       total 167936K, used 80K [0x00000006cae00000, 0x00000006d5200000, 0x000000076e500000)
  object space 167936K, 0% used [0x00000006cae00000,0x00000006cae14010,0x00000006d5200000)
 Metaspace       used 15010K, capacity 15222K, committed 15488K, reserved 1062912K
  class space    used 1753K, capacity 1831K, committed 1920K, reserved 1048576K

Card table byte_map: [0x0000000012880000,0x0000000013030000] byte_map_base: 0x000000000f229000

Marking Bits: (ParMarkBitMap*) 0x0000000075085ce0
 Begin Bits: [0x0000000014250000, 0x0000000017f98000)
 End Bits:   [0x0000000017f98000, 0x000000001bce0000)

Polling page: 0x0000000000df0000

CodeCache: size=245760Kb used=6916Kb max_used=6916Kb free=238843Kb
 bounds [0x00000000034c0000, 0x0000000003b90000, 0x00000000124c0000]
 total_blobs=1752 nmethods=1374 adapters=296
 compilation: enabled

Compilation events (10 events):
Event: 1.786 Thread 0x0000000020d9f800 nmethod 1368 0x0000000003b52350 code [0x0000000003b52520, 0x0000000003b52a58]
Event: 1.786 Thread 0x0000000020d2c000 nmethod 1364 0x0000000003b52d10 code [0x0000000003b530e0, 0x0000000003b551a8]
Event: 1.787 Thread 0x0000000020d57000 nmethod 1370 0x0000000003b55890 code [0x0000000003b55b80, 0x0000000003b57288]
Event: 1.797 Thread 0x0000000020d73800 nmethod 1369 0x0000000003b57590 code [0x0000000003b58ee0, 0x0000000003b70668]
Event: 192.484 Thread 0x0000000020d9f800 1372       3       java.util.HashMap::isEmpty (13 bytes)
Event: 192.484 Thread 0x0000000020d9f800 nmethod 1372 0x0000000003b82050 code [0x0000000003b821a0, 0x0000000003b82350]
Event: 192.511 Thread 0x0000000020d57000 1373       3       com.alibaba.fastjson.JSONObject::isEmpty (10 bytes)
Event: 192.511 Thread 0x0000000020d57000 nmethod 1373 0x0000000003b823d0 code [0x0000000003b82540, 0x0000000003b82768]
Event: 192.511 Thread 0x0000000020d73800 1374       3       com.alibaba.fastjson.JSONObject::size (10 bytes)
Event: 192.511 Thread 0x0000000020d73800 nmethod 1374 0x0000000003b82810 code [0x0000000003b82980, 0x0000000003b82ba8]

GC Heap History (2 events):
Event: 1.290 GC heap before
{Heap before GC invocations=1 (full 0):
 PSYoungGen      total 73728K, used 63488K [0x000000076e500000, 0x0000000773700000, 0x00000007c0000000)
  eden space 63488K, 100% used [0x000000076e500000,0x0000000772300000,0x0000000772300000)
  from space 10240K, 0% used [0x0000000772d00000,0x0000000772d00000,0x0000000773700000)
  to   space 10240K, 0% used [0x0000000772300000,0x0000000772300000,0x0000000772d00000)
 ParOldGen       total 167936K, used 0K [0x00000006cae00000, 0x00000006d5200000, 0x000000076e500000)
  object space 167936K, 0% used [0x00000006cae00000,0x00000006cae00000,0x00000006d5200000)
 Metaspace       used 12809K, capacity 13078K, committed 13440K, reserved 1060864K
  class space    used 1510K, capacity 1607K, committed 1664K, reserved 1048576K
Event: 1.294 GC heap after
Heap after GC invocations=1 (full 0):
 PSYoungGen      total 73728K, used 6606K [0x000000076e500000, 0x0000000773700000, 0x00000007c0000000)
  eden space 63488K, 0% used [0x000000076e500000,0x000000076e500000,0x0000000772300000)
  from space 10240K, 64% used [0x0000000772300000,0x0000000772973960,0x0000000772d00000)
  to   space 10240K, 0% used [0x0000000772d00000,0x0000000772d00000,0x0000000773700000)
 ParOldGen       total 167936K, used 80K [0x00000006cae00000, 0x00000006d5200000, 0x000000076e500000)
  object space 167936K, 0% used [0x00000006cae00000,0x00000006cae14010,0x00000006d5200000)
 Metaspace       used 12809K, capacity 13078K, committed 13440K, reserved 1060864K
  class space    used 1510K, capacity 1607K, committed 1664K, reserved 1048576K
}

Deoptimization events (10 events):
Event: 0.988 Thread 0x000000000322e000 Uncommon trap: reason=class_check action=maybe_recompile pc=0x000000000389c7c0 method=java.util.jar.JarFile.getJarEntry(Ljava/lang/String;)Ljava/util/jar/JarEntry; @ 2
Event: 0.988 Thread 0x000000000322e000 Uncommon trap: reason=class_check action=maybe_recompile pc=0x000000000389c7c0 method=java.util.jar.JarFile.getJarEntry(Ljava/lang/String;)Ljava/util/jar/JarEntry; @ 2
Event: 1.278 Thread 0x000000000322e000 Uncommon trap: reason=unstable_if action=reinterpret pc=0x0000000003ad6c64 method=java.util.regex.Matcher.reset()Ljava/util/regex/Matcher; @ 47
Event: 1.353 Thread 0x000000000322e000 Uncommon trap: reason=unstable_if action=reinterpret pc=0x0000000003998060 method=java.lang.CharacterDataLatin1.digit(II)I @ 82
Event: 1.672 Thread 0x000000000322e000 Uncommon trap: reason=unstable_if action=reinterpret pc=0x0000000003b0f444 method=java.util.HashMap.getNode(ILjava/lang/Object;)Ljava/util/HashMap$Node; @ 129
Event: 1.672 Thread 0x000000000322e000 Uncommon trap: reason=bimorphic action=maybe_recompile pc=0x00000000039b7e14 method=java.util.HashMap.putVal(ILjava/lang/Object;Ljava/lang/Object;ZZ)Ljava/lang/Object; @ 203
Event: 1.672 Thread 0x000000000322e000 Uncommon trap: reason=unstable_if action=reinterpret pc=0x0000000003ac8a68 method=java.util.HashMap.getNode(ILjava/lang/Object;)Ljava/util/HashMap$Node; @ 129
Event: 1.672 Thread 0x000000000322e000 Uncommon trap: reason=bimorphic action=maybe_recompile pc=0x00000000039b7e14 method=java.util.HashMap.putVal(ILjava/lang/Object;Ljava/lang/Object;ZZ)Ljava/lang/Object; @ 203
Event: 1.672 Thread 0x000000000322e000 Uncommon trap: reason=bimorphic action=maybe_recompile pc=0x00000000039b7e14 method=java.util.HashMap.putVal(ILjava/lang/Object;Ljava/lang/Object;ZZ)Ljava/lang/Object; @ 203
Event: 1.786 Thread 0x000000000322e000 Uncommon trap: reason=unstable_if action=reinterpret pc=0x0000000003b35b28 method=com.alibaba.fastjson.parser.JSONScanner.next()C @ 18

Classes redefined (5 events):
Event: 33.964 Thread 0x000000001ce80000 redefined class name=com.github.wxiaoqi.security.modules.admin.util.testHttpsReq, count=1
Event: 68.521 Thread 0x000000001ce80000 redefined class name=com.github.wxiaoqi.security.modules.admin.util.testHttpsReq, count=2
Event: 152.082 Thread 0x000000001ce80000 redefined class name=com.github.wxiaoqi.security.modules.admin.util.testHttpsReq, count=3
Event: 192.455 Thread 0x000000001ce80000 redefined class name=com.github.wxiaoqi.security.modules.admin.util.testHttpsReq, count=4
Event: 246.812 Thread 0x000000001ce80000 redefined class name=com.github.wxiaoqi.security.modules.admin.util.testHttpsReq, count=5

Internal exceptions (10 events):
Event: 0.661 Thread 0x000000000322e000 Exception <a 'java/lang/ArrayIndexOutOfBoundsException'> (0x0000000770dc56d0) thrown at [C:\re\workspace\8-2-build-windows-amd64-cygwin\jdk8u211\12973\hotspot\src\share\vm\runtime\sharedRuntime.cpp, line 605]
Event: 0.662 Thread 0x000000000322e000 Exception <a 'java/lang/ArrayIndexOutOfBoundsException'> (0x0000000770dc7600) thrown at [C:\re\workspace\8-2-build-windows-amd64-cygwin\jdk8u211\12973\hotspot\src\share\vm\runtime\sharedRuntime.cpp, line 605]
Event: 0.662 Thread 0x000000000322e000 Exception <a 'java/lang/ArrayIndexOutOfBoundsException'> (0x0000000770dd19c0) thrown at [C:\re\workspace\8-2-build-windows-amd64-cygwin\jdk8u211\12973\hotspot\src\share\vm\runtime\sharedRuntime.cpp, line 605]
Event: 0.666 Thread 0x000000000322e000 Exception <a 'java/lang/ArrayIndexOutOfBoundsException'> (0x0000000770e05418) thrown at [C:\re\workspace\8-2-build-windows-amd64-cygwin\jdk8u211\12973\hotspot\src\share\vm\runtime\sharedRuntime.cpp, line 605]
Event: 0.667 Thread 0x000000000322e000 Exception <a 'java/lang/ArrayIndexOutOfBoundsException'> (0x0000000770e06ef0) thrown at [C:\re\workspace\8-2-build-windows-amd64-cygwin\jdk8u211\12973\hotspot\src\share\vm\runtime\sharedRuntime.cpp, line 605]
Event: 0.667 Thread 0x000000000322e000 Exception <a 'java/lang/ArrayIndexOutOfBoundsException'> (0x0000000770e0aab0) thrown at [C:\re\workspace\8-2-build-windows-amd64-cygwin\jdk8u211\12973\hotspot\src\share\vm\runtime\sharedRuntime.cpp, line 605]
Event: 0.671 Thread 0x000000000322e000 Exception <a 'java/lang/ArrayIndexOutOfBoundsException'> (0x0000000770e40990) thrown at [C:\re\workspace\8-2-build-windows-amd64-cygwin\jdk8u211\12973\hotspot\src\share\vm\runtime\sharedRuntime.cpp, line 605]
Event: 0.679 Thread 0x000000000322e000 Exception <a 'java/lang/ArrayIndexOutOfBoundsException'> (0x0000000770e892a0) thrown at [C:\re\workspace\8-2-build-windows-amd64-cygwin\jdk8u211\12973\hotspot\src\share\vm\runtime\sharedRuntime.cpp, line 605]
Event: 1.017 Thread 0x000000000322e000 Exception <a 'java/lang/NoSuchFieldError': method resolution failed> (0x00000007715d1730) thrown at [C:\re\workspace\8-2-build-windows-amd64-cygwin\jdk8u211\12973\hotspot\src\share\vm\prims\methodHandles.cpp, line 1167]
Event: 1.018 Thread 0x000000000322e000 Exception <a 'java/lang/NoSuchFieldError': method resolution failed> (0x00000007715dff30) thrown at [C:\re\workspace\8-2-build-windows-amd64-cygwin\jdk8u211\12973\hotspot\src\share\vm\prims\methodHandles.cpp, line 1167]

Events (10 events):
Event: 192.468 Executing VM operation: GetOrSetLocal
Event: 192.468 Executing VM operation: GetOrSetLocal done
Event: 192.470 Executing VM operation: GetOrSetLocal
Event: 192.470 Executing VM operation: GetOrSetLocal done
Event: 246.805 Executing VM operation: ChangeBreakpoints
Event: 246.805 Executing VM operation: ChangeBreakpoints done
Event: 246.806 Executing VM operation: RedefineClasses
Event: 246.813 Executing VM operation: RedefineClasses done
Event: 246.819 Executing VM operation: ChangeBreakpoints
Event: 246.820 Executing VM operation: ChangeBreakpoints done


Dynamic libraries:
0x00007ff71c9d0000 - 0x00007ff71ca07000 	C:\Program Files\Java\jdk1.8.0_211\bin\java.exe
0x00007ffec92a0000 - 0x00007ffec94a9000 	C:\windows\SYSTEM32\ntdll.dll
0x00007ffec74d0000 - 0x00007ffec758d000 	C:\windows\System32\KERNEL32.DLL
0x00007ffec6920000 - 0x00007ffec6c94000 	C:\windows\System32\KERNELBASE.dll
0x00007ffec8800000 - 0x00007ffec88ae000 	C:\windows\System32\ADVAPI32.dll
0x00007ffec7170000 - 0x00007ffec7213000 	C:\windows\System32\msvcrt.dll
0x00007ffec8640000 - 0x00007ffec86de000 	C:\windows\System32\sechost.dll
0x00007ffec86e0000 - 0x00007ffec8800000 	C:\windows\System32\RPCRT4.dll
0x00007ffec7790000 - 0x00007ffec793c000 	C:\windows\System32\USER32.dll
0x00007ffec6e10000 - 0x00007ffec6e36000 	C:\windows\System32\win32u.dll
0x00007ffec7140000 - 0x00007ffec7169000 	C:\windows\System32\GDI32.dll
0x00007ffec6e40000 - 0x00007ffec6f52000 	C:\windows\System32\gdi32full.dll
0x00007ffec70a0000 - 0x00007ffec713d000 	C:\windows\System32\msvcp_win.dll
0x00007ffec6800000 - 0x00007ffec6911000 	C:\windows\System32\ucrtbase.dll
0x00007ffeae5a0000 - 0x00007ffeae845000 	C:\windows\WinSxS\amd64_microsoft.windows.common-controls_6595b64144ccf1df_6.0.22000.120_none_9d947278b86cc467\COMCTL32.dll
0x00007ffec7590000 - 0x00007ffec75c1000 	C:\windows\System32\IMM32.DLL
0x00000000762a0000 - 0x00000000762ac000 	D:\Software\360\360Safe\safemon\SafeWrapper.dll
0x00007ffeb3510000 - 0x00007ffeb35a2000 	D:\Software\360\360Safe\safemon\libzdtp64.dll
0x00007ffec7d70000 - 0x00007ffec851e000 	C:\windows\System32\SHELL32.dll
0x00007ffec9200000 - 0x00007ffec925d000 	C:\windows\System32\SHLWAPI.dll
0x00007ffec61b0000 - 0x00007ffec61ba000 	C:\windows\SYSTEM32\VERSION.dll
0x0000000075110000 - 0x00000000751e2000 	C:\Program Files\Java\jdk1.8.0_211\jre\bin\msvcr100.dll
0x0000000074860000 - 0x0000000075105000 	C:\Program Files\Java\jdk1.8.0_211\jre\bin\server\jvm.dll
0x00007ffec7940000 - 0x00007ffec7948000 	C:\windows\System32\PSAPI.DLL
0x00007ffec1050000 - 0x00007ffec1083000 	C:\windows\SYSTEM32\WINMM.dll
0x00007ffec1b80000 - 0x00007ffec1b89000 	C:\windows\SYSTEM32\WSOCK32.dll
0x00007ffec7720000 - 0x00007ffec778f000 	C:\windows\System32\WS2_32.dll
0x00007ffeb7910000 - 0x00007ffeb791f000 	C:\Program Files\Java\jdk1.8.0_211\jre\bin\verify.dll
0x00007ffea0420000 - 0x00007ffea0449000 	C:\Program Files\Java\jdk1.8.0_211\jre\bin\java.dll
0x00007ffe9ef10000 - 0x00007ffe9ef45000 	C:\Program Files\Java\jdk1.8.0_211\jre\bin\jdwp.dll
0x00007ffec02b0000 - 0x00007ffec02b8000 	C:\Program Files\Java\jdk1.8.0_211\jre\bin\npt.dll
0x00007ffeb56f0000 - 0x00007ffeb5713000 	C:\Program Files\Java\jdk1.8.0_211\jre\bin\instrument.dll
0x00007ffe9fd40000 - 0x00007ffe9fd56000 	C:\Program Files\Java\jdk1.8.0_211\jre\bin\zip.dll
0x00007ffec4850000 - 0x00007ffec50b8000 	C:\windows\SYSTEM32\windows.storage.dll
0x00007ffec79c0000 - 0x00007ffec7d38000 	C:\windows\System32\combase.dll
0x00007ffec46e0000 - 0x00007ffec4846000 	C:\windows\SYSTEM32\wintypes.dll
0x00007ffec73c0000 - 0x00007ffec74aa000 	C:\windows\System32\SHCORE.dll
0x00007ffec66c0000 - 0x00007ffec66e1000 	C:\windows\SYSTEM32\profapi.dll
0x00007ffeb7430000 - 0x00007ffeb7439000 	C:\Program Files\Java\jdk1.8.0_211\jre\bin\dt_socket.dll
0x00007ffec5c10000 - 0x00007ffec5c77000 	C:\windows\system32\mswsock.dll
0x00007ffeb7120000 - 0x00007ffeb712d000 	C:\Program Files\Java\jdk1.8.0_211\jre\bin\management.dll
0x00007ffe9fd20000 - 0x00007ffe9fd3a000 	C:\Program Files\Java\jdk1.8.0_211\jre\bin\net.dll
0x00007ffeba1b0000 - 0x00007ffeba39f000 	C:\windows\SYSTEM32\urlmon.dll
0x00007ffeb9ec0000 - 0x00007ffeba173000 	C:\windows\SYSTEM32\iertutil.dll
0x00007ffeba180000 - 0x00007ffeba1a8000 	C:\windows\SYSTEM32\srvcli.dll
0x00007ffec52d0000 - 0x00007ffec52dc000 	C:\windows\SYSTEM32\netutils.dll
0x00007ffe9f750000 - 0x00007ffe9f762000 	C:\Program Files\Java\jdk1.8.0_211\jre\bin\nio.dll
0x00007ffe9ece0000 - 0x00007ffe9ed04000 	C:\Program Files\Java\jdk1.8.0_211\jre\bin\sunec.dll
0x00007ffec5350000 - 0x00007ffec537d000 	C:\windows\SYSTEM32\IPHLPAPI.DLL
0x00007ffec7d40000 - 0x00007ffec7d49000 	C:\windows\System32\NSI.dll
0x00007ffec1090000 - 0x00007ffec10a9000 	C:\windows\SYSTEM32\dhcpcsvc6.DLL
0x00007ffec1630000 - 0x00007ffec164e000 	C:\windows\SYSTEM32\dhcpcsvc.DLL
0x00007ffec5380000 - 0x00007ffec5467000 	C:\windows\SYSTEM32\DNSAPI.dll
0x00007ffec5e20000 - 0x00007ffec5e38000 	C:\windows\SYSTEM32\CRYPTSP.dll
0x00007ffec5740000 - 0x00007ffec5775000 	C:\windows\system32\rsaenh.dll
0x00007ffec5cd0000 - 0x00007ffec5cf9000 	C:\windows\SYSTEM32\USERENV.dll
0x00007ffec6080000 - 0x00007ffec60a7000 	C:\windows\SYSTEM32\bcrypt.dll
0x00007ffec6f60000 - 0x00007ffec6fdf000 	C:\windows\System32\bcryptprimitives.dll
0x00007ffec5e40000 - 0x00007ffec5e4c000 	C:\windows\SYSTEM32\CRYPTBASE.dll
0x00000000762b0000 - 0x00000000762d6000 	C:\Program Files\Bonjour\mdnsNSP.dll
0x00007ffec0a30000 - 0x00007ffec0a3a000 	C:\Windows\System32\rasadhlp.dll
0x00007ffebff50000 - 0x00007ffebffd1000 	C:\windows\System32\fwpuclnt.dll
0x00007ffec4310000 - 0x00007ffec4531000 	C:\windows\SYSTEM32\dbghelp.dll

VM Arguments:
jvm_args: -agentlib:jdwp=transport=dt_socket,address=127.0.0.1:5240,suspend=y,server=n -javaagent:C:\Users\73556\AppData\Local\JetBrains\IntelliJIdea2021.2\captureAgent\debugger-agent.jar -Dfile.encoding=UTF-8 
java_command: com.github.wxiaoqi.security.modules.admin.util.testHttpsReq
java_class_path (initial): C:\Program Files\Java\jdk1.8.0_211\jre\lib\charsets.jar;C:\Program Files\Java\jdk1.8.0_211\jre\lib\deploy.jar;C:\Program Files\Java\jdk1.8.0_211\jre\lib\ext\access-bridge-64.jar;C:\Program Files\Java\jdk1.8.0_211\jre\lib\ext\cldrdata.jar;C:\Program Files\Java\jdk1.8.0_211\jre\lib\ext\dnsns.jar;C:\Program Files\Java\jdk1.8.0_211\jre\lib\ext\jaccess.jar;C:\Program Files\Java\jdk1.8.0_211\jre\lib\ext\jfxrt.jar;C:\Program Files\Java\jdk1.8.0_211\jre\lib\ext\localedata.jar;C:\Program Files\Java\jdk1.8.0_211\jre\lib\ext\nashorn.jar;C:\Program Files\Java\jdk1.8.0_211\jre\lib\ext\sunec.jar;C:\Program Files\Java\jdk1.8.0_211\jre\lib\ext\sunjce_provider.jar;C:\Program Files\Java\jdk1.8.0_211\jre\lib\ext\sunmscapi.jar;C:\Program Files\Java\jdk1.8.0_211\jre\lib\ext\sunpkcs11.jar;C:\Program Files\Java\jdk1.8.0_211\jre\lib\ext\zipfs.jar;C:\Program Files\Java\jdk1.8.0_211\jre\lib\javaws.jar;C:\Program Files\Java\jdk1.8.0_211\jre\lib\jce.jar;C:\Program Files\Java\jdk1.8.0_211\jre\lib\jfr.jar;C:\Program Files\Java\jdk1.8.0_211\jre\lib\jfxswt.jar;C:\Program Files\Java\jdk1.8.0_211\jre\lib\jsse.jar;C:\Program Files\Java\jdk1.8.0_211\jre\lib\management-agent.jar;C:\Program Files\Java\jdk1.8.0_211\jre\lib\plugin.jar;C:\Program Files\Java\jdk1.8.0_211\jre\lib\resources.jar;C:\Program Files\Java\jdk1.8.0_211\jre\lib\rt.jar;D:\IdeaSpace\Spring-Cloud-Platform\ace-modules\ace-admin\target\classes;D:\IdeaSpace\Spring-Cloud-Platform\ace-dev-base\ace-common\target\classes;D:\Develop\apache-maven-3.6.3-bin\LocalRepository\commons-io\commons-io\1.3.2\commons-io-1.3.2.jar;D:\Develop\apache-maven-3.6.3-bin\LocalRepository\tk\mybatis\mapper\3.4.0\mapper-3.4.0.jar;D:\Develop\apache-maven-3.6.3-bin\LocalRepository\javax\persistence\persistence-api\1.0\persistence-api-1.0.jar;D:\Develop\apache-maven-3.6.3-bin\LocalRepository\org\springframework\spring-beans\5.3.2\spring-beans-5.3.2.jar;D:\Develop\apache-maven-3.6.3-bin\LocalRepository\com\github\pagehelper\pagehelper\5.0.3\
Launcher Type: SUN_STANDARD

Environment Variables:
JAVA_HOME=C:\Program Files\Java\jdk1.8.0_211
CLASSPATH=.;C:\Program Files\Java\jdk1.8.0_211\lib;C:\Program Files\Java\jdk1.8.0_211\lib\dt.jar;C:\Program Files\Java\jdk1.8.0_211\lib\tools.jar
PATH=C:\Program Files (x86)\Common Files\Oracle\Java\javapath;C:\windows\system32;C:\windows;C:\windows\System32\Wbem;C:\windows\System32\WindowsPowerShell\v1.0\;C:\windows\System32\OpenSSH\;C:\Program Files\Java\jdk1.8.0_211\bin;C:\Program Files\Java\jdk1.8.0_211\jre\bin;D:\Develop\nodejs\;D:\Program Files\Git\cmd;D:\Develop\apache-maven-3.6.3-bin\apache-maven-3.6.3\bin;D:\Develop\mysql-5.7.37-winx64\bin;D:\Develop\npm\npm_global;D:\Develop\Python37;D:\Develop\Python37\Scripts\;D:\Develop\Python37\;C:\Users\73556\AppData\Local\Microsoft\WindowsApps;C:\Users\73556\AppData\Roaming\npm
USERNAME=73556
OS=Windows_NT
PROCESSOR_IDENTIFIER=AMD64 Family 25 Model 80 Stepping 0, AuthenticAMD



---------------  S Y S T E M  ---------------

OS: Windows 10.0 , 64 bit Build 22000 (10.0.22000.434)

CPU:total 16 (initial active 16) (16 cores per cpu, 1 threads per core) family 25 model 80 stepping 0, cmov, cx8, fxsr, mmx, sse, sse2, sse3, ssse3, sse4.1, sse4.2, popcnt, avx, avx2, aes, clmul, erms, mmxext, 3dnowpref, lzcnt, sse4a, tsc, tscinvbit, tscinv, bmi1

Memory: 4k page, physical 16057396k(3500976k free), swap 24503740k(8522348k free)

vm_info: Java HotSpot(TM) 64-Bit Server VM (25.211-b12) for windows-amd64 JRE (1.8.0_211-b12), built on Apr  1 2019 20:53:26 by "java_re" with MS VC++ 10.0 (VS2010)

time: Thu Apr 07 13:51:52 2022
timezone: 中国标准时间
elapsed time: 246 seconds (0d 0h 4m 6s)

